<?xml version="1.0" encoding="UTF-8"?>
<robot generator="Robot 6.1.1 (Python 3.11.4 on win32)" generated="20230817 21:35:24.389" rpa="false" schemaversion="4">
<suite id="s1" name="TestCasesN11" source="C:\Users\mbayy\IdeaProjects\e2e_N11\tests\TestCasesN11.robot">
<test id="s1-t1" name="N11 login ve urun sepete ekleme testi" line="6">
<kw name="N11 Anasayfaya Git" library="N11Page">
<kw name="Open Browser" library="SeleniumLibrary">
<arg>${DataN11.UrlN11}</arg>
<arg>firefox</arg>
<doc>Opens a new browser instance to the optional ``url``.</doc>
<msg timestamp="20230817 21:35:24.570" level="INFO">Opening browser 'firefox' to base url 'https://www.n11.com/'.</msg>
<msg timestamp="20230817 21:35:24.576" level="INFO">Applicable driver not found; attempting to install with Selenium Manager (Beta)</msg>
<status status="PASS" starttime="20230817 21:35:24.569" endtime="20230817 21:35:31.718"/>
</kw>
<kw name="Maximize Browser Window" library="SeleniumLibrary">
<doc>Maximizes current browser window.</doc>
<status status="PASS" starttime="20230817 21:35:31.718" endtime="20230817 21:35:31.984"/>
</kw>
<kw name="Set Selenium Implicit Wait" library="SeleniumLibrary">
<arg>10s</arg>
<doc>Sets the implicit wait value used by Selenium.</doc>
<status status="PASS" starttime="20230817 21:35:31.985" endtime="20230817 21:35:31.988"/>
</kw>
<status status="PASS" starttime="20230817 21:35:24.569" endtime="20230817 21:35:31.989"/>
</kw>
<kw name="N11 Giris Yap" library="N11Page">
<kw name="Click Element" library="SeleniumLibrary">
<arg>${N11Locators.Giris_Yap}</arg>
<doc>Click the element identified by ``locator``.</doc>
<msg timestamp="20230817 21:35:31.990" level="INFO">Clicking element '//a[@title='Giriş Yap']'.</msg>
<status status="PASS" starttime="20230817 21:35:31.989" endtime="20230817 21:35:34.862"/>
</kw>
<kw name="Input Text" library="SeleniumLibrary">
<arg>${N11Locators.Email_Yeri}</arg>
<arg>${DataN11.EMAIL}</arg>
<doc>Types the given ``text`` into the text field identified by ``locator``.</doc>
<msg timestamp="20230817 21:35:34.863" level="INFO">Typing text 'cymbad58@gmail.com' into text field 'css=#email'.</msg>
<status status="PASS" starttime="20230817 21:35:34.862" endtime="20230817 21:35:34.888"/>
</kw>
<kw name="Input Password" library="SeleniumLibrary">
<arg>${N11Locators.Sifre_Yeri}</arg>
<arg>${DataN11.SIFRE}</arg>
<doc>Types the given password into the text field identified by ``locator``.</doc>
<msg timestamp="20230817 21:35:34.889" level="INFO">Typing password into text field 'xpath=//input[@id='password']'.</msg>
<msg timestamp="20230817 21:35:34.899" level="INFO">Temporally setting log level to: NONE</msg>
<msg timestamp="20230817 21:35:34.908" level="INFO">Log level changed from NONE to INFO.</msg>
<status status="PASS" starttime="20230817 21:35:34.888" endtime="20230817 21:35:34.908"/>
</kw>
<kw name="Click Element" library="SeleniumLibrary">
<arg>${N11Locators.Login_Butonu}</arg>
<doc>Click the element identified by ``locator``.</doc>
<msg timestamp="20230817 21:35:34.909" level="INFO">Clicking element 'id=loginButton'.</msg>
<msg timestamp="20230817 21:35:34.963" level="INFO" html="true">&lt;/td&gt;&lt;/tr&gt;&lt;tr&gt;&lt;td colspan="3"&gt;&lt;a href="selenium-screenshot-10.png"&gt;&lt;img src="selenium-screenshot-10.png" width="800px"&gt;&lt;/a&gt;</msg>
<msg timestamp="20230817 21:35:34.963" level="FAIL">ElementClickInterceptedException: Message: Element &lt;div id="loginButton" class="btnPrimary"&gt; is not clickable at point (464,717) because another element &lt;efilli-layout-n11 class="efilli-layout-n11"&gt; obscures it
Stacktrace:
RemoteError@chrome://remote/content/shared/RemoteError.sys.mjs:8:8
WebDriverError@chrome://remote/content/shared/webdriver/Errors.sys.mjs:183:5
ElementClickInterceptedError@chrome://remote/content/shared/webdriver/Errors.sys.mjs:282:5
webdriverClickElement@chrome://remote/content/marionette/interaction.sys.mjs:160:11
interaction.clickElement@chrome://remote/content/marionette/interaction.sys.mjs:119:11
clickElement@chrome://remote/content/marionette/actors/MarionetteCommandsChild.sys.mjs:214:29
receiveMessage@chrome://remote/content/marionette/actors/MarionetteCommandsChild.sys.mjs:97:31
</msg>
<status status="FAIL" starttime="20230817 21:35:34.908" endtime="20230817 21:35:34.965"/>
</kw>
<status status="FAIL" starttime="20230817 21:35:31.989" endtime="20230817 21:35:34.966"/>
</kw>
<status status="FAIL" starttime="20230817 21:35:24.569" endtime="20230817 21:35:34.966">ElementClickInterceptedException: Message: Element &lt;div id="loginButton" class="btnPrimary"&gt; is not clickable at point (464,717) because another element &lt;efilli-layout-n11 class="efilli-layout-n11"&gt; obscures it
Stacktrace:
RemoteError@chrome://remote/content/shared/RemoteError.sys.mjs:8:8
WebDriverError@chrome://remote/content/shared/webdriver/Errors.sys.mjs:183:5
ElementClickInterceptedError@chrome://remote/content/shared/webdriver/Errors.sys.mjs:282:5
webdriverClickElement@chrome://remote/content/marionette/interaction.sys.mjs:160:11
interaction.clickElement@chrome://remote/content/marionette/interaction.sys.mjs:119:11
clickElement@chrome://remote/content/marionette/actors/MarionetteCommandsChild.sys.mjs:214:29
receiveMessage@chrome://remote/content/marionette/actors/MarionetteCommandsChild.sys.mjs:97:31
</status>
</test>
<test id="s1-t2" name="Urun sepete ekleme" line="10">
<kw name="Urun Arama" library="N11Page">
<kw name="Input Text" library="SeleniumLibrary">
<arg>${N11Locators.Arama_Yeri}</arg>
<arg>${DataN11.ARANACAK_KELIME}</arg>
<doc>Types the given ``text`` into the text field identified by ``locator``.</doc>
<msg timestamp="20230817 21:35:34.968" level="INFO">Typing text 'Dupont 16186 Murder Çakmak' into text field 'xpath=//input[@id='searchData']'.</msg>
<status status="PASS" starttime="20230817 21:35:34.967" endtime="20230817 21:35:34.997"/>
</kw>
<kw name="Click Element" library="SeleniumLibrary">
<arg>${N11Locators.Arama_Butonu}</arg>
<doc>Click the element identified by ``locator``.</doc>
<msg timestamp="20230817 21:35:34.998" level="INFO">Clicking element 'xpath=//span[@class='iconsSearch']'.</msg>
<status status="PASS" starttime="20230817 21:35:34.997" endtime="20230817 21:35:35.690"/>
</kw>
<kw name="Title Should Be" library="SeleniumLibrary">
<arg>${DataN11.Expected_Title}</arg>
<doc>Verifies that the current page title equals ``title``.</doc>
<msg timestamp="20230817 21:35:35.694" level="INFO">Page title is 'Dupont 16186 Murder Çakmak - n11.com'.</msg>
<status status="PASS" starttime="20230817 21:35:35.690" endtime="20230817 21:35:35.694"/>
</kw>
<kw name="Click Element" library="SeleniumLibrary">
<arg>${N11Locators.Sepete_Ekle}</arg>
<doc>Click the element identified by ``locator``.</doc>
<msg timestamp="20230817 21:35:35.696" level="INFO">Clicking element 'css=.btnBasket'.</msg>
<status status="PASS" starttime="20230817 21:35:35.694" endtime="20230817 21:35:36.016"/>
</kw>
<status status="PASS" starttime="20230817 21:35:34.967" endtime="20230817 21:35:36.016"/>
</kw>
<status status="PASS" starttime="20230817 21:35:34.967" endtime="20230817 21:35:36.016"/>
</test>
<status status="FAIL" starttime="20230817 21:35:24.392" endtime="20230817 21:35:36.017"/>
</suite>
<statistics>
<total>
<stat pass="1" fail="1" skip="0">All Tests</stat>
</total>
<tag>
</tag>
<suite>
<stat pass="1" fail="1" skip="0" id="s1" name="TestCasesN11">TestCasesN11</stat>
</suite>
</statistics>
<errors>
</errors>
</robot>
